
  .   ____          _            __ _ _
 /\\ / ___'_ __ _ _(_)_ __  __ _ \ \ \ \
( ( )\___ | '_ | '_| | '_ \/ _` | \ \ \ \
 \\/  ___)| |_)| | | | | || (_| |  ) ) ) )
  '  |____| .__|_| |_|_| |_\__, | / / / /
 =========|_|==============|___/=/_/_/_/
 :: Spring Boot ::        (v2.3.9.RELEASE)

2021-03-02 11:45:19.185  INFO 25771 --- [           main] tarterNetflixEurekaServerDemoApplication : No active profile set, falling back to default profiles: default
2021-03-02 11:45:21.070  WARN 25771 --- [           main] o.s.boot.actuate.endpoint.EndpointId     : Endpoint ID 'service-registry' contains invalid characters, please migrate to a valid format.
2021-03-02 11:45:21.439  INFO 25771 --- [           main] o.s.cloud.context.scope.GenericScope     : BeanFactory id=72c87f58-f56d-35ca-9bb7-37278b956360
2021-03-02 11:45:22.249  INFO 25771 --- [           main] o.s.b.w.embedded.tomcat.TomcatWebServer  : Tomcat initialized with port(s): 8761 (http)
2021-03-02 11:45:22.272  INFO 25771 --- [           main] o.apache.catalina.core.StandardService   : Starting service [Tomcat]
2021-03-02 11:45:22.273  INFO 25771 --- [           main] org.apache.catalina.core.StandardEngine  : Starting Servlet engine: [Apache Tomcat/9.0.43]
2021-03-02 11:45:22.456  INFO 25771 --- [           main] o.a.c.c.C.[Tomcat].[localhost].[/]       : Initializing Spring embedded WebApplicationContext
2021-03-02 11:45:22.457  INFO 25771 --- [           main] w.s.c.ServletWebServerApplicationContext : Root WebApplicationContext: initialization completed in 3218 ms
2021-03-02 11:45:22.658  WARN 25771 --- [           main] c.n.c.sources.URLConfigurationSource     : No URLs will be polled as dynamic configuration sources.
2021-03-02 11:45:22.658  INFO 25771 --- [           main] c.n.c.sources.URLConfigurationSource     : To enable URLs as dynamic configuration sources, define System property archaius.configurationSource.additionalUrls or make config.properties available on classpath.
2021-03-02 11:45:22.683  INFO 25771 --- [           main] c.netflix.config.DynamicPropertyFactory  : DynamicPropertyFactory is initialized with configuration sources: com.netflix.config.ConcurrentCompositeConfiguration@759fad4
2021-03-02 11:45:23.487  INFO 25771 --- [           main] c.s.j.s.i.a.WebApplicationImpl           : Initiating Jersey application, version 'Jersey: 1.19.4 05/24/2017 03:20 PM'
2021-03-02 11:45:23.625  INFO 25771 --- [           main] c.n.d.provider.DiscoveryJerseyProvider   : Using JSON encoding codec LegacyJacksonJson
2021-03-02 11:45:23.627  INFO 25771 --- [           main] c.n.d.provider.DiscoveryJerseyProvider   : Using JSON decoding codec LegacyJacksonJson
2021-03-02 11:45:23.911  INFO 25771 --- [           main] c.n.d.provider.DiscoveryJerseyProvider   : Using XML encoding codec XStreamXml
2021-03-02 11:45:23.911  INFO 25771 --- [           main] c.n.d.provider.DiscoveryJerseyProvider   : Using XML decoding codec XStreamXml
2021-03-02 11:45:25.252  INFO 25771 --- [           main] o.s.s.web.DefaultSecurityFilterChain     : Creating filter chain: any request, [org.springframework.security.web.context.request.async.WebAsyncManagerIntegrationFilter@783115d9, org.springframework.security.web.context.SecurityContextPersistenceFilter@c3177d5, org.springframework.security.web.header.HeaderWriterFilter@479f2dc2, org.springframework.security.web.authentication.logout.LogoutFilter@446c3920, org.springframework.security.web.authentication.www.BasicAuthenticationFilter@47b179d7, org.springframework.security.web.savedrequest.RequestCacheAwareFilter@7c853486, org.springframework.security.web.servletapi.SecurityContextHolderAwareRequestFilter@71cb3139, org.springframework.security.web.authentication.AnonymousAuthenticationFilter@3402b4c9, org.springframework.security.web.session.SessionManagementFilter@4ca8dbfa, org.springframework.security.web.access.ExceptionTranslationFilter@1eb2d371, org.springframework.security.web.access.intercept.FilterSecurityInterceptor@5d7835a8]
2021-03-02 11:45:25.274  WARN 25771 --- [           main] o.s.c.n.a.ArchaiusAutoConfiguration      : No spring.application.name found, defaulting to 'application'
2021-03-02 11:45:25.276  WARN 25771 --- [           main] c.n.c.sources.URLConfigurationSource     : No URLs will be polled as dynamic configuration sources.
2021-03-02 11:45:25.276  INFO 25771 --- [           main] c.n.c.sources.URLConfigurationSource     : To enable URLs as dynamic configuration sources, define System property archaius.configurationSource.additionalUrls or make config.properties available on classpath.
2021-03-02 11:45:25.883  INFO 25771 --- [           main] o.s.s.concurrent.ThreadPoolTaskExecutor  : Initializing ExecutorService 'applicationTaskExecutor'
2021-03-02 11:45:26.904  INFO 25771 --- [           main] DiscoveryClientOptionalArgsConfiguration : Eureka HTTP Client uses Jersey
2021-03-02 11:45:26.996  WARN 25771 --- [           main] ockingLoadBalancerClientRibbonWarnLogger : You already have RibbonLoadBalancerClient on your classpath. It will be used by default. As Spring Cloud Ribbon is in maintenance mode. We recommend switching to BlockingLoadBalancerClient instead. In order to use it, set the value of `spring.cloud.loadbalancer.ribbon.enabled` to `false` or remove spring-cloud-starter-netflix-ribbon from your project.
2021-03-02 11:45:27.117  INFO 25771 --- [           main] o.s.c.n.eureka.InstanceInfoFactory       : Setting initial instance status as: STARTING
2021-03-02 11:45:27.183  INFO 25771 --- [           main] com.netflix.discovery.DiscoveryClient    : Initializing Eureka in region us-east-1
2021-03-02 11:45:27.183  INFO 25771 --- [           main] com.netflix.discovery.DiscoveryClient    : Client configured to neither register nor query for data.
2021-03-02 11:45:27.201  INFO 25771 --- [           main] com.netflix.discovery.DiscoveryClient    : Discovery Client initialized at timestamp 1614656727200 with initial instances count: 0
2021-03-02 11:45:27.276  INFO 25771 --- [           main] c.n.eureka.DefaultEurekaServerContext    : Initializing ...
2021-03-02 11:45:27.280  INFO 25771 --- [           main] c.n.eureka.cluster.PeerEurekaNodes       : Adding new peer nodes [http://eureka:password@localhost:8761/eureka/]
2021-03-02 11:45:27.587  INFO 25771 --- [           main] c.n.d.provider.DiscoveryJerseyProvider   : Using JSON encoding codec LegacyJacksonJson
2021-03-02 11:45:27.587  INFO 25771 --- [           main] c.n.d.provider.DiscoveryJerseyProvider   : Using JSON decoding codec LegacyJacksonJson
2021-03-02 11:45:27.588  INFO 25771 --- [           main] c.n.d.provider.DiscoveryJerseyProvider   : Using XML encoding codec XStreamXml
2021-03-02 11:45:27.588  INFO 25771 --- [           main] c.n.d.provider.DiscoveryJerseyProvider   : Using XML decoding codec XStreamXml
2021-03-02 11:45:27.788  INFO 25771 --- [           main] c.n.eureka.cluster.PeerEurekaNodes       : Replica node URL:  http://eureka:password@localhost:8761/eureka/
2021-03-02 11:45:27.803  INFO 25771 --- [           main] c.n.e.registry.AbstractInstanceRegistry  : Finished initializing remote region registries. All known remote regions: []
2021-03-02 11:45:27.805  INFO 25771 --- [           main] c.n.eureka.DefaultEurekaServerContext    : Initialized
2021-03-02 11:45:27.842  INFO 25771 --- [           main] o.s.b.a.e.web.EndpointLinksResolver      : Exposing 2 endpoint(s) beneath base path '/actuator'
2021-03-02 11:45:27.893  INFO 25771 --- [           main] o.s.c.n.e.s.EurekaServiceRegistry        : Registering application UNKNOWN with eureka with status UP
2021-03-02 11:45:27.899  INFO 25771 --- [      Thread-10] o.s.c.n.e.server.EurekaServerBootstrap   : Setting the eureka configuration..
2021-03-02 11:45:27.903  INFO 25771 --- [      Thread-10] o.s.c.n.e.server.EurekaServerBootstrap   : Eureka data center value eureka.datacenter is not set, defaulting to default
2021-03-02 11:45:27.905  INFO 25771 --- [      Thread-10] o.s.c.n.e.server.EurekaServerBootstrap   : Eureka environment value eureka.environment is not set, defaulting to test
2021-03-02 11:45:27.935  INFO 25771 --- [      Thread-10] o.s.c.n.e.server.EurekaServerBootstrap   : isAws returned false
2021-03-02 11:45:27.936  INFO 25771 --- [      Thread-10] o.s.c.n.e.server.EurekaServerBootstrap   : Initialized server context
2021-03-02 11:45:27.937  INFO 25771 --- [      Thread-10] c.n.e.r.PeerAwareInstanceRegistryImpl    : Got 1 instances from neighboring DS node
2021-03-02 11:45:27.937  INFO 25771 --- [      Thread-10] c.n.e.r.PeerAwareInstanceRegistryImpl    : Renew threshold is: 1
2021-03-02 11:45:27.937  INFO 25771 --- [      Thread-10] c.n.e.r.PeerAwareInstanceRegistryImpl    : Changing status to UP
2021-03-02 11:45:27.961  INFO 25771 --- [      Thread-10] e.s.EurekaServerInitializerConfiguration : Started Eureka Server
2021-03-02 11:45:27.994  INFO 25771 --- [           main] o.s.b.w.embedded.tomcat.TomcatWebServer  : Tomcat started on port(s): 8761 (http) with context path ''
2021-03-02 11:45:27.995  INFO 25771 --- [           main] .s.c.n.e.s.EurekaAutoServiceRegistration : Updating port to 8761
2021-03-02 11:45:28.026  INFO 25771 --- [           main] tarterNetflixEurekaServerDemoApplication : Started SpringCloudStarterNetflixEurekaServerDemoApplication in 11.502 seconds (JVM running for 12.705)
2021-03-02 11:45:46.369  INFO 25771 --- [nio-8761-exec-1] o.a.c.c.C.[Tomcat].[localhost].[/]       : Initializing Spring DispatcherServlet 'dispatcherServlet'
2021-03-02 11:45:46.370  INFO 25771 --- [nio-8761-exec-1] o.s.web.servlet.DispatcherServlet        : Initializing Servlet 'dispatcherServlet'
2021-03-02 11:45:46.426  INFO 25771 --- [nio-8761-exec-1] o.s.web.servlet.DispatcherServlet        : Completed initialization in 56 ms
2021-03-02 11:45:47.676  INFO 25771 --- [nio-8761-exec-2] c.n.e.registry.AbstractInstanceRegistry  : Registered instance ZUUL-DEMO/127.0.0.1:zuul-demo:5555:v1.0.0 with status UP (replication=false)
2021-03-02 11:45:48.681  INFO 25771 --- [nio-8761-exec-3] c.n.e.registry.AbstractInstanceRegistry  : Registered instance ZUUL-DEMO/127.0.0.1:zuul-demo:5555:v1.0.0 with status UP (replication=true)
2021-03-02 11:46:13.018  INFO 25771 --- [nio-8761-exec-9] c.n.e.registry.AbstractInstanceRegistry  : Registered instance DEMO2/127.0.0.1:demo2:9591:v1.0.0 with status UP (replication=false)
2021-03-02 11:46:13.536  INFO 25771 --- [io-8761-exec-10] c.n.e.registry.AbstractInstanceRegistry  : Registered instance DEMO2/127.0.0.1:demo2:9591:v1.0.0 with status UP (replication=true)
2021-03-02 11:46:27.942  INFO 25771 --- [a-EvictionTimer] c.n.e.registry.AbstractInstanceRegistry  : Running the evict task with compensationTime 0ms
2021-03-02 11:46:37.044  INFO 25771 --- [io-8761-exec-10] c.n.e.registry.AbstractInstanceRegistry  : Registered instance DEMO1/127.0.0.1:demo1:5069:v1.0.0 with status UP (replication=false)
2021-03-02 11:46:37.564  INFO 25771 --- [nio-8761-exec-5] c.n.e.registry.AbstractInstanceRegistry  : Registered instance DEMO1/127.0.0.1:demo1:5069:v1.0.0 with status UP (replication=true)
2021-03-02 11:47:27.945  INFO 25771 --- [a-EvictionTimer] c.n.e.registry.AbstractInstanceRegistry  : Running the evict task with compensationTime 0ms
2021-03-02 11:47:46.168  INFO 25771 --- [nio-8761-exec-5] c.n.e.registry.AbstractInstanceRegistry  : Registered instance DEMO2/127.0.0.1:demo2:9591:v1.0.0 with status DOWN (replication=false)
2021-03-02 11:47:46.678  INFO 25771 --- [nio-8761-exec-9] c.n.e.registry.AbstractInstanceRegistry  : Registered instance DEMO2/127.0.0.1:demo2:9591:v1.0.0 with status DOWN (replication=true)
2021-03-02 11:47:51.338  INFO 25771 --- [nio-8761-exec-7] c.n.e.registry.AbstractInstanceRegistry  : Cancelled instance DEMO2/127.0.0.1:demo2:9591:v1.0.0 (replication=false)
2021-03-02 11:47:51.863  WARN 25771 --- [nio-8761-exec-8] c.n.e.registry.AbstractInstanceRegistry  : DS: Registry: cancel failed because Lease is not registered for: DEMO2/127.0.0.1:demo2:9591:v1.0.0
2021-03-02 11:47:51.864  INFO 25771 --- [nio-8761-exec-8] c.n.eureka.resources.InstanceResource    : Not Found (Cancel): DEMO2 - 127.0.0.1:demo2:9591:v1.0.0
2021-03-02 11:47:51.867  WARN 25771 --- [et_localhost-18] c.n.eureka.cluster.ReplicationTask       : The replication of task DEMO2/127.0.0.1:demo2:9591:v1.0.0:Cancel@localhost failed with response code 404
2021-03-02 11:47:51.868  WARN 25771 --- [et_localhost-18] c.netflix.eureka.cluster.PeerEurekaNode  : DEMO2/127.0.0.1:demo2:9591:v1.0.0:Cancel@localhost: missing entry.
2021-03-02 11:48:17.242  INFO 25771 --- [nio-8761-exec-7] c.n.e.registry.AbstractInstanceRegistry  : Registered instance DEMO2/127.0.0.1:demo2:9852:v1.0.0 with status UP (replication=false)
2021-03-02 11:48:17.756  INFO 25771 --- [nio-8761-exec-1] c.n.e.registry.AbstractInstanceRegistry  : Registered instance DEMO2/127.0.0.1:demo2:9852:v1.0.0 with status UP (replication=true)
2021-03-02 11:48:27.946  INFO 25771 --- [a-EvictionTimer] c.n.e.registry.AbstractInstanceRegistry  : Running the evict task with compensationTime 0ms
2021-03-02 11:49:27.949  INFO 25771 --- [a-EvictionTimer] c.n.e.registry.AbstractInstanceRegistry  : Running the evict task with compensationTime 0ms
2021-03-02 11:50:27.951  INFO 25771 --- [a-EvictionTimer] c.n.e.registry.AbstractInstanceRegistry  : Running the evict task with compensationTime 1ms
